0 info it worked if it ends with ok
1 verbose cli [ '/usr/local/bin/node',
1 verbose cli   '/Users/sellis/.node/bin/npm',
1 verbose cli   'run',
1 verbose cli   'bundle' ]
2 info using npm@3.3.6
3 info using node@v4.1.2
4 verbose run-script [ 'prebundle', 'bundle', 'postbundle' ]
5 info lifecycle bellies-bangles@1.0.0~prebundle: bellies-bangles@1.0.0
6 silly lifecycle bellies-bangles@1.0.0~prebundle: no script for prebundle, continuing
7 info lifecycle bellies-bangles@1.0.0~bundle: bellies-bangles@1.0.0
8 verbose lifecycle bellies-bangles@1.0.0~bundle: unsafe-perm in lifecycle true
9 verbose lifecycle bellies-bangles@1.0.0~bundle: PATH: /Users/sellis/.node/lib/node_modules/npm/bin/node-gyp-bin:/Users/sellis/projects/javascript/sample-es6-jspm-react-app/node_modules/.bin:/Users/sellis/.node/bin:/Users/sellis/software/apache-maven-3.0.5/bin:/bin:/Users/sellis/software/elasticsearch-0.90.0.RC2/bin:/bin:/Users/sellis/software/gradle-2.0/bin:/Users/sellis/software/scala-2.10.3/bin:/usr/local/Cellar/activemq/5.9.0/libexec/bin/macosx:/Users/sellis/software/wso2esb-4.8.0/bin:/Users/sellis/software/apache-ant-1.9.4/bin:/Users/sellis/software/jboss-as-7.2.0.Final/bin:/Library/PostgreSQL/9.3/bin:/Applications/oracle/product/instantclient_11_2/bin:/usr/local/bin:/usr/bin:/bin:/usr/sbin:/sbin
10 verbose lifecycle bellies-bangles@1.0.0~bundle: CWD: /Users/sellis/projects/javascript/sample-es6-jspm-react-app
11 silly lifecycle bellies-bangles@1.0.0~bundle: Args: [ '-c',
11 silly lifecycle   'npm run jspm bundle-sfx public/server/web/index app.js' ]
12 silly lifecycle bellies-bangles@1.0.0~bundle: Returned: code: 1  signal: null
13 info lifecycle bellies-bangles@1.0.0~bundle: Failed to exec bundle script
14 verbose stack Error: bellies-bangles@1.0.0 bundle: `npm run jspm bundle-sfx public/server/web/index app.js`
14 verbose stack Exit status 1
14 verbose stack     at EventEmitter.<anonymous> (/Users/sellis/.node/lib/node_modules/npm/lib/utils/lifecycle.js:233:16)
14 verbose stack     at emitTwo (events.js:87:13)
14 verbose stack     at EventEmitter.emit (events.js:172:7)
14 verbose stack     at ChildProcess.<anonymous> (/Users/sellis/.node/lib/node_modules/npm/lib/utils/spawn.js:24:14)
14 verbose stack     at emitTwo (events.js:87:13)
14 verbose stack     at ChildProcess.emit (events.js:172:7)
14 verbose stack     at maybeClose (internal/child_process.js:818:16)
14 verbose stack     at Process.ChildProcess._handle.onexit (internal/child_process.js:211:5)
15 verbose pkgid bellies-bangles@1.0.0
16 verbose cwd /Users/sellis/projects/javascript/sample-es6-jspm-react-app
17 error Darwin 14.5.0
18 error argv "/usr/local/bin/node" "/Users/sellis/.node/bin/npm" "run" "bundle"
19 error node v4.1.2
20 error npm  v3.3.6
21 error code ELIFECYCLE
22 error bellies-bangles@1.0.0 bundle: `npm run jspm bundle-sfx public/server/web/index app.js`
22 error Exit status 1
23 error Failed at the bellies-bangles@1.0.0 bundle script 'npm run jspm bundle-sfx public/server/web/index app.js'.
23 error This is most likely a problem with the bellies-bangles package,
23 error not with npm itself.
23 error Tell the author that this fails on your system:
23 error     npm run jspm bundle-sfx public/server/web/index app.js
23 error You can get their info via:
23 error     npm owner ls bellies-bangles
23 error There is likely additional logging output above.
24 verbose exit [ 1, true ]
